# JRE version: OpenJDK Runtime Environment Temurin-21.0.10+7 (21.0.10+7) (build 21.0.10+7-LTS)
# Java VM: OpenJDK 64-Bit Server VM Temurin-21.0.10+7 (21.0.10+7-LTS, mixed mode, sharing, tiered, compressed oops, compressed class ptrs, parallel gc, windows-amd64)
GC Precious Log:
 CardTable entry size: 512
 CPUs: 16 total, 16 available
 Memory: 16088M
 Large Page Support: Disabled
 NUMA Support: Disabled
 Compressed Oops: Enabled (32-bit)
 Alignments: Space 512K, Generation 512K, Heap 2M
 Heap Min Capacity: 100M
 Heap Initial Capacity: 100M
 Heap Max Capacity: 2G
 Pre-touch: Disabled
 Parallel Workers: 13
Heap:
 PSYoungGen      total 4608K, used 1786K [0x00000000d5580000, 0x00000000d5c80000, 0x0000000100000000)
  eden space 4096K, 31% used [0x00000000d5580000,0x00000000d56c40c8,0x00000000d5980000)
  from space 512K, 95% used [0x00000000d5c00000,0x00000000d5c7a910,0x00000000d5c80000)
  to   space 1024K, 0% used [0x00000000d5a80000,0x00000000d5a80000,0x00000000d5b80000)
 ParOldGen       total 375296K, used 374828K [0x0000000080000000, 0x0000000096e80000, 0x00000000d5580000)
  object space 375296K, 99% used [0x0000000080000000,0x0000000096e0b320,0x0000000096e80000)
 Metaspace       used 37652K, committed 39040K, reserved 1114112K
  class space    used 3446K, committed 4032K, reserved 1048576K
GC Heap History (20 events):
Event: 1777.090 GC heap before
{Heap before GC invocations=517 (full 2):
 PSYoungGen      total 5632K, used 5509K [0x00000000d5580000, 0x00000000d5e80000, 0x0000000100000000)
  eden space 4096K, 100% used [0x00000000d5580000,0x00000000d5980000,0x00000000d5980000)
  from space 1536K, 92% used [0x00000000d5d00000,0x00000000d5e61620,0x00000000d5e80000)
  to   space 2048K, 0% used [0x00000000d5a80000,0x00000000d5a80000,0x00000000d5c80000)
 ParOldGen       total 374784K, used 373352K [0x0000000080000000, 0x0000000096e00000, 0x00000000d5580000)
  object space 374784K, 99% used [0x0000000080000000,0x0000000096c9a230,0x0000000096e00000)
 Metaspace       used 37572K, committed 38976K, reserved 1114112K
  class space    used 3446K, committed 4032K, reserved 1048576K
}
Event: 1777.093 GC heap after
{Heap after GC invocations=517 (full 2):
 PSYoungGen      total 6144K, used 559K [0x00000000d5580000, 0x00000000d5d80000, 0x0000000100000000)
  eden space 4096K, 0% used [0x00000000d5580000,0x00000000d5580000,0x00000000d5980000)
  from space 2048K, 27% used [0x00000000d5a80000,0x00000000d5b0bf50,0x00000000d5c80000)
  to   space 1024K, 0% used [0x00000000d5c80000,0x00000000d5c80000,0x00000000d5d80000)
 ParOldGen       total 374784K, used 373880K [0x0000000080000000, 0x0000000096e00000, 0x00000000d5580000)
  object space 374784K, 99% used [0x0000000080000000,0x0000000096d1e250,0x0000000096e00000)
 Metaspace       used 37572K, committed 38976K, reserved 1114112K
  class space    used 3446K, committed 4032K, reserved 1048576K
}
Event: 1777.150 GC heap before
{Heap before GC invocations=518 (full 2):
 PSYoungGen      total 6144K, used 4655K [0x00000000d5580000, 0x00000000d5d80000, 0x0000000100000000)
  eden space 4096K, 100% used [0x00000000d5580000,0x00000000d5980000,0x00000000d5980000)
  from space 2048K, 27% used [0x00000000d5a80000,0x00000000d5b0bf50,0x00000000d5c80000)
  to   space 1024K, 0% used [0x00000000d5c80000,0x00000000d5c80000,0x00000000d5d80000)
 ParOldGen       total 374784K, used 373880K [0x0000000080000000, 0x0000000096e00000, 0x00000000d5580000)
  object space 374784K, 99% used [0x0000000080000000,0x0000000096d1e250,0x0000000096e00000)
 Metaspace       used 37573K, committed 38976K, reserved 1114112K
  class space    used 3446K, committed 4032K, reserved 1048576K
}
Event: 1777.152 GC heap after
{Heap after GC invocations=518 (full 2):
 PSYoungGen      total 5120K, used 589K [0x00000000d5580000, 0x00000000d5d80000, 0x0000000100000000)
  eden space 4096K, 0% used [0x00000000d5580000,0x00000000d5580000,0x00000000d5980000)
  from space 1024K, 57% used [0x00000000d5c80000,0x00000000d5d13730,0x00000000d5d80000)
  to   space 1024K, 0% used [0x00000000d5b80000,0x00000000d5b80000,0x00000000d5c80000)
 ParOldGen       total 374784K, used 374148K [0x0000000080000000, 0x0000000096e00000, 0x00000000d5580000)
  object space 374784K, 99% used [0x0000000080000000,0x0000000096d61290,0x0000000096e00000)
 Metaspace       used 37573K, committed 38976K, reserved 1114112K
  class space    used 3446K, committed 4032K, reserved 1048576K
}
Event: 1777.450 GC heap before
{Heap before GC invocations=519 (full 2):
 PSYoungGen      total 5120K, used 4685K [0x00000000d5580000, 0x00000000d5d80000, 0x0000000100000000)
  eden space 4096K, 99% used [0x00000000d5580000,0x00000000d597ffe0,0x00000000d5980000)
  from space 1024K, 57% used [0x00000000d5c80000,0x00000000d5d13730,0x00000000d5d80000)
  to   space 1024K, 0% used [0x00000000d5b80000,0x00000000d5b80000,0x00000000d5c80000)
 ParOldGen       total 374784K, used 374148K [0x0000000080000000, 0x0000000096e00000, 0x00000000d5580000)
  object space 374784K, 99% used [0x0000000080000000,0x0000000096d61290,0x0000000096e00000)
 Metaspace       used 37582K, committed 38976K, reserved 1114112K
  class space    used 3446K, committed 4032K, reserved 1048576K
}
Event: 1777.452 GC heap after
{Heap after GC invocations=519 (full 2):
 PSYoungGen      total 5120K, used 592K [0x00000000d5580000, 0x00000000d5d00000, 0x0000000100000000)
  eden space 4096K, 0% used [0x00000000d5580000,0x00000000d5580000,0x00000000d5980000)
  from space 1024K, 57% used [0x00000000d5b80000,0x00000000d5c14050,0x00000000d5c80000)
  to   space 512K, 0% used [0x00000000d5c80000,0x00000000d5c80000,0x00000000d5d00000)
 ParOldGen       total 374784K, used 374180K [0x0000000080000000, 0x0000000096e00000, 0x00000000d5580000)
  object space 374784K, 99% used [0x0000000080000000,0x0000000096d69290,0x0000000096e00000)
 Metaspace       used 37582K, committed 38976K, reserved 1114112K
  class space    used 3446K, committed 4032K, reserved 1048576K
}
Event: 1800.717 GC heap before
{Heap before GC invocations=520 (full 2):
 PSYoungGen      total 5120K, used 4688K [0x00000000d5580000, 0x00000000d5d00000, 0x0000000100000000)
  eden space 4096K, 100% used [0x00000000d5580000,0x00000000d5980000,0x00000000d5980000)
  from space 1024K, 57% used [0x00000000d5b80000,0x00000000d5c14050,0x00000000d5c80000)
  to   space 512K, 0% used [0x00000000d5c80000,0x00000000d5c80000,0x00000000d5d00000)
 ParOldGen       total 374784K, used 374180K [0x0000000080000000, 0x0000000096e00000, 0x00000000d5580000)
  object space 374784K, 99% used [0x0000000080000000,0x0000000096d69290,0x0000000096e00000)
 Metaspace       used 37612K, committed 38976K, reserved 1114112K
  class space    used 3446K, committed 4032K, reserved 1048576K
}
Event: 1800.721 GC heap after
{Heap after GC invocations=520 (full 2):
 PSYoungGen      total 4608K, used 506K [0x00000000d5580000, 0x00000000d5d00000, 0x0000000100000000)
  eden space 4096K, 0% used [0x00000000d5580000,0x00000000d5580000,0x00000000d5980000)
  from space 512K, 98% used [0x00000000d5c80000,0x00000000d5cfe900,0x00000000d5d00000)
  to   space 1024K, 0% used [0x00000000d5b00000,0x00000000d5b00000,0x00000000d5c00000)
 ParOldGen       total 374784K, used 374412K [0x0000000080000000, 0x0000000096e00000, 0x00000000d5580000)
  object space 374784K, 99% used [0x0000000080000000,0x0000000096da32d0,0x0000000096e00000)
 Metaspace       used 37612K, committed 38976K, reserved 1114112K
  class space    used 3446K, committed 4032K, reserved 1048576K
}
Event: 1800.814 GC heap before
{Heap before GC invocations=521 (full 2):
 PSYoungGen      total 4608K, used 4602K [0x00000000d5580000, 0x00000000d5d00000, 0x0000000100000000)
  eden space 4096K, 100% used [0x00000000d5580000,0x00000000d5980000,0x00000000d5980000)
  from space 512K, 98% used [0x00000000d5c80000,0x00000000d5cfe900,0x00000000d5d00000)
  to   space 1024K, 0% used [0x00000000d5b00000,0x00000000d5b00000,0x00000000d5c00000)
 ParOldGen       total 374784K, used 374412K [0x0000000080000000, 0x0000000096e00000, 0x00000000d5580000)
  object space 374784K, 99% used [0x0000000080000000,0x0000000096da32d0,0x0000000096e00000)
 Metaspace       used 37618K, committed 38976K, reserved 1114112K
  class space    used 3446K, committed 4032K, reserved 1048576K
}
Event: 1800.815 GC heap after
{Heap after GC invocations=521 (full 2):
 PSYoungGen      total 5120K, used 650K [0x00000000d5580000, 0x00000000d5d00000, 0x0000000100000000)
  eden space 4096K, 0% used [0x00000000d5580000,0x00000000d5580000,0x00000000d5980000)
  from space 1024K, 63% used [0x00000000d5b00000,0x00000000d5ba2910,0x00000000d5c00000)
  to   space 1024K, 0% used [0x00000000d5c00000,0x00000000d5c00000,0x00000000d5d00000)
 ParOldGen       total 374784K, used 374476K [0x0000000080000000, 0x0000000096e00000, 0x00000000d5580000)
  object space 374784K, 99% used [0x0000000080000000,0x0000000096db32d0,0x0000000096e00000)
 Metaspace       used 37618K, committed 38976K, reserved 1114112K
  class space    used 3446K, committed 4032K, reserved 1048576K
}
Event: 1802.262 GC heap before
{Heap before GC invocations=522 (full 2):
 PSYoungGen      total 5120K, used 4743K [0x00000000d5580000, 0x00000000d5d00000, 0x0000000100000000)
  eden space 4096K, 99% used [0x00000000d5580000,0x00000000d597f5f8,0x00000000d5980000)
  from space 1024K, 63% used [0x00000000d5b00000,0x00000000d5ba2910,0x00000000d5c00000)
  to   space 1024K, 0% used [0x00000000d5c00000,0x00000000d5c00000,0x00000000d5d00000)
 ParOldGen       total 374784K, used 374476K [0x0000000080000000, 0x0000000096e00000, 0x00000000d5580000)
  object space 374784K, 99% used [0x0000000080000000,0x0000000096db32d0,0x0000000096e00000)
 Metaspace       used 37624K, committed 38976K, reserved 1114112K
  class space    used 3446K, committed 4032K, reserved 1048576K
}
Event: 1802.263 GC heap after
{Heap after GC invocations=522 (full 2):
 PSYoungGen      total 4608K, used 352K [0x00000000d5580000, 0x00000000d5c80000, 0x0000000100000000)
  eden space 4096K, 0% used [0x00000000d5580000,0x00000000d5580000,0x00000000d5980000)
  from space 512K, 68% used [0x00000000d5c00000,0x00000000d5c58000,0x00000000d5c80000)
  to   space 512K, 0% used [0x00000000d5b80000,0x00000000d5b80000,0x00000000d5c00000)
 ParOldGen       total 374784K, used 374492K [0x0000000080000000, 0x0000000096e00000, 0x00000000d5580000)
  object space 374784K, 99% used [0x0000000080000000,0x0000000096db72d0,0x0000000096e00000)
 Metaspace       used 37624K, committed 38976K, reserved 1114112K
  class space    used 3446K, committed 4032K, reserved 1048576K
}
Event: 1802.603 GC heap before
{Heap before GC invocations=523 (full 2):
 PSYoungGen      total 4608K, used 4447K [0x00000000d5580000, 0x00000000d5c80000, 0x0000000100000000)
  eden space 4096K, 99% used [0x00000000d5580000,0x00000000d597ffc8,0x00000000d5980000)
  from space 512K, 68% used [0x00000000d5c00000,0x00000000d5c58000,0x00000000d5c80000)
  to   space 512K, 0% used [0x00000000d5b80000,0x00000000d5b80000,0x00000000d5c00000)
 ParOldGen       total 374784K, used 374492K [0x0000000080000000, 0x0000000096e00000, 0x00000000d5580000)
  object space 374784K, 99% used [0x0000000080000000,0x0000000096db72d0,0x0000000096e00000)
 Metaspace       used 37633K, committed 38976K, reserved 1114112K
  class space    used 3446K, committed 4032K, reserved 1048576K
}
Event: 1802.604 GC heap after
{Heap after GC invocations=523 (full 2):
 PSYoungGen      total 4608K, used 272K [0x00000000d5580000, 0x00000000d5c80000, 0x0000000100000000)
  eden space 4096K, 0% used [0x00000000d5580000,0x00000000d5580000,0x00000000d5980000)
  from space 512K, 53% used [0x00000000d5b80000,0x00000000d5bc4010,0x00000000d5c00000)
  to   space 512K, 0% used [0x00000000d5c00000,0x00000000d5c00000,0x00000000d5c80000)
 ParOldGen       total 374784K, used 374548K [0x0000000080000000, 0x0000000096e00000, 0x00000000d5580000)
  object space 374784K, 99% used [0x0000000080000000,0x0000000096dc52d0,0x0000000096e00000)
 Metaspace       used 37633K, committed 38976K, reserved 1114112K
  class space    used 3446K, committed 4032K, reserved 1048576K
}
Event: 1847.637 GC heap before
{Heap before GC invocations=524 (full 2):
 PSYoungGen      total 4608K, used 4367K [0x00000000d5580000, 0x00000000d5c80000, 0x0000000100000000)
  eden space 4096K, 99% used [0x00000000d5580000,0x00000000d597ffe8,0x00000000d5980000)
  from space 512K, 53% used [0x00000000d5b80000,0x00000000d5bc4010,0x00000000d5c00000)
  to   space 512K, 0% used [0x00000000d5c00000,0x00000000d5c00000,0x00000000d5c80000)
 ParOldGen       total 374784K, used 374548K [0x0000000080000000, 0x0000000096e00000, 0x00000000d5580000)
  object space 374784K, 99% used [0x0000000080000000,0x0000000096dc52d0,0x0000000096e00000)
 Metaspace       used 37635K, committed 38976K, reserved 1114112K
  class space    used 3446K, committed 4032K, reserved 1048576K
}
Event: 1847.639 GC heap after
{Heap after GC invocations=524 (full 2):
 PSYoungGen      total 4608K, used 368K [0x00000000d5580000, 0x00000000d5c80000, 0x0000000100000000)
  eden space 4096K, 0% used [0x00000000d5580000,0x00000000d5580000,0x00000000d5980000)
  from space 512K, 71% used [0x00000000d5c00000,0x00000000d5c5c010,0x00000000d5c80000)
  to   space 512K, 0% used [0x00000000d5b80000,0x00000000d5b80000,0x00000000d5c00000)
 ParOldGen       total 374784K, used 374684K [0x0000000080000000, 0x0000000096e00000, 0x00000000d5580000)
  object space 374784K, 99% used [0x0000000080000000,0x0000000096de7320,0x0000000096e00000)
 Metaspace       used 37635K, committed 38976K, reserved 1114112K
  class space    used 3446K, committed 4032K, reserved 1048576K
}
Event: 1987.473 GC heap before
{Heap before GC invocations=525 (full 2):
 PSYoungGen      total 4608K, used 4464K [0x00000000d5580000, 0x00000000d5c80000, 0x0000000100000000)
  eden space 4096K, 100% used [0x00000000d5580000,0x00000000d5980000,0x00000000d5980000)
  from space 512K, 71% used [0x00000000d5c00000,0x00000000d5c5c010,0x00000000d5c80000)
  to   space 512K, 0% used [0x00000000d5b80000,0x00000000d5b80000,0x00000000d5c00000)
 ParOldGen       total 374784K, used 374684K [0x0000000080000000, 0x0000000096e00000, 0x00000000d5580000)
  object space 374784K, 99% used [0x0000000080000000,0x0000000096de7320,0x0000000096e00000)
 Metaspace       used 37636K, committed 38976K, reserved 1114112K
  class space    used 3446K, committed 4032K, reserved 1048576K
}
Event: 1987.474 GC heap after
{Heap after GC invocations=525 (full 2):
 PSYoungGen      total 4608K, used 490K [0x00000000d5580000, 0x00000000d5c80000, 0x0000000100000000)
  eden space 4096K, 0% used [0x00000000d5580000,0x00000000d5580000,0x00000000d5980000)
  from space 512K, 95% used [0x00000000d5b80000,0x00000000d5bfa910,0x00000000d5c00000)
  to   space 512K, 0% used [0x00000000d5c00000,0x00000000d5c00000,0x00000000d5c80000)
 ParOldGen       total 374784K, used 374740K [0x0000000080000000, 0x0000000096e00000, 0x00000000d5580000)
  object space 374784K, 99% used [0x0000000080000000,0x0000000096df5320,0x0000000096e00000)
 Metaspace       used 37636K, committed 38976K, reserved 1114112K
  class space    used 3446K, committed 4032K, reserved 1048576K
}
Event: 1996.490 GC heap before
{Heap before GC invocations=526 (full 2):
 PSYoungGen      total 4608K, used 4586K [0x00000000d5580000, 0x00000000d5c80000, 0x0000000100000000)
  eden space 4096K, 100% used [0x00000000d5580000,0x00000000d5980000,0x00000000d5980000)
  from space 512K, 95% used [0x00000000d5b80000,0x00000000d5bfa910,0x00000000d5c00000)
  to   space 512K, 0% used [0x00000000d5c00000,0x00000000d5c00000,0x00000000d5c80000)
 ParOldGen       total 374784K, used 374740K [0x0000000080000000, 0x0000000096e00000, 0x00000000d5580000)
  object space 374784K, 99% used [0x0000000080000000,0x0000000096df5320,0x0000000096e00000)
 Metaspace       used 37636K, committed 38976K, reserved 1114112K
  class space    used 3446K, committed 4032K, reserved 1048576K
}
Event: 1996.493 GC heap after
{Heap after GC invocations=526 (full 2):
 PSYoungGen      total 4608K, used 490K [0x00000000d5580000, 0x00000000d5c80000, 0x0000000100000000)
  eden space 4096K, 0% used [0x00000000d5580000,0x00000000d5580000,0x00000000d5980000)
  from space 512K, 95% used [0x00000000d5c00000,0x00000000d5c7a910,0x00000000d5c80000)
  to   space 1024K, 0% used [0x00000000d5a80000,0x00000000d5a80000,0x00000000d5b80000)
 ParOldGen       total 375296K, used 374828K [0x0000000080000000, 0x0000000096e80000, 0x00000000d5580000)
  object space 375296K, 99% used [0x0000000080000000,0x0000000096e0b320,0x0000000096e80000)
 Metaspace       used 37636K, committed 38976K, reserved 1114112K
  class space    used 3446K, committed 4032K, reserved 1048576K
}

